2026-07-01 18:04:08,330 [experiment] INFO: ============================================================
2026-07-01 18:04:08,330 [experiment] INFO: FAMM — Full Experiment Suite
2026-07-01 18:04:08,331 [experiment] INFO: ============================================================
2026-07-01 18:04:08,331 [experiment] INFO: Generating Figure 1: Decay curves...
2026-07-01 18:04:08,580 [experiment] INFO:   → Saved fig1_decay_curves.png/pdf
2026-07-01 18:04:08,580 [experiment] INFO: Generating Figure 2: Utility distribution...
Warning: You are sending unauthenticated requests to the HF Hub. Please set a HF_TOKEN to enable higher rate limits and faster downloads.
2026-07-01 18:04:11,391 [huggingface_hub.utils._http] WARNING: Warning: You are sending unauthenticated requests to the HF Hub. Please set a HF_TOKEN to enable higher rate limits and faster downloads.
Loading weights:   0%|          | 0/103 [00:00<?, ?it/s]Loading weights: 100%|██████████| 103/103 [00:00<00:00, 10984.32it/s]
2026-07-01 18:04:16,836 [experiment] INFO:   → Saved fig2_utility_distribution.png/pdf
2026-07-01 18:04:16,836 [experiment] INFO: Running scaled experiment (100 memories)...
2026-07-01 18:04:22,569 [experiment] INFO: Generating Figure 3: Comparison chart...
2026-07-01 18:04:22,739 [experiment] INFO:   → Saved fig3_comparison_scaled.png/pdf
2026-07-01 18:04:22,739 [experiment] INFO: 
============================================================
2026-07-01 18:04:22,739 [experiment] INFO: SCALED EXPERIMENT RESULTS (100 memories, 10 queries)
2026-07-01 18:04:22,739 [experiment] INFO: ============================================================
2026-07-01 18:04:22,739 [experiment] INFO: System                     P@10     R@10    F1@10  NDCG@10
2026-07-01 18:04:22,739 [experiment] INFO: ----------------------------------------------------------
2026-07-01 18:04:22,739 [experiment] INFO: FAMM                     0.1400   0.4467   0.2088   0.4149
2026-07-01 18:04:22,739 [experiment] INFO: SimilarityOnly           0.1900   0.5750   0.2804   0.5451
2026-07-01 18:04:22,739 [experiment] INFO: ImportanceScoring        0.1900   0.5750   0.2804   0.5474
2026-07-01 18:04:22,739 [experiment] INFO: EbbinghausDecay          0.1900   0.5750   0.2804   0.5451
2026-07-01 18:04:22,739 [experiment] INFO: Running ablation study...
2026-07-01 18:04:36,475 [experiment] INFO: Generating Figure 4: Ablation chart...
2026-07-01 18:04:36,784 [experiment] INFO:   → Saved fig4_ablation.png/pdf
2026-07-01 18:04:36,784 [experiment] INFO: 
============================================================
2026-07-01 18:04:36,784 [experiment] INFO: ABLATION STUDY RESULTS
2026-07-01 18:04:36,784 [experiment] INFO: ============================================================
2026-07-01 18:04:36,784 [experiment] INFO: Configuration                      P@10     R@10    F1@10  NDCG@10
2026-07-01 18:04:36,784 [experiment] INFO: ------------------------------------------------------------------
2026-07-01 18:04:36,784 [experiment] INFO: FAMM (Full)                      0.1800   0.5417   0.2650   0.4510
2026-07-01 18:04:36,784 [experiment] INFO: – No Utility Predictor           0.1700   0.5167   0.2507   0.4649
2026-07-01 18:04:36,784 [experiment] INFO: – No Goal Retrieval              0.1900   0.5750   0.2804   0.5451
2026-07-01 18:04:36,784 [experiment] INFO: – No Adaptive Decay              0.1800   0.5417   0.2650   0.4536
2026-07-01 18:04:36,784 [experiment] INFO: – None (Similarity Only)         0.1900   0.5750   0.2804   0.5451
2026-07-01 18:04:36,784 [experiment] INFO: Generating Figure 5: Feature importance...
2026-07-01 18:04:36,896 [experiment] INFO:   → Saved fig5_feature_importance.png/pdf
2026-07-01 18:04:36,896 [experiment] INFO: 
All experiments complete in 28.6s
2026-07-01 18:04:36,896 [experiment] INFO: Results: experiments/results/full_experiment_results.json
2026-07-01 18:04:36,896 [experiment] INFO: Figures: experiments/figures
